// 重构日志: 4c78589f
// 重构日志: 7e279723
// 重构日志: 5ca52638
// 重构日志: 7ce44b8c
// 同步 ID: 10ebe615 @ Sun Jun 28 20:33:00 UTC 2026
// 重构日志: abdcc38d
// 重构日志: dbc66cbc
// 重构日志: 574f720b
// 重构日志: 0c8feadc
// 同步 ID: 74e00011 @ Wed Jul  8 17:01:07 UTC 2026
// 重构日志: 69093c56
// 重构日志: d4bac908
// 同步 ID: 5e45b212 @ Sat Jul 11 10:56:46 UTC 2026
// 重构日志: 5d9b0e09
// 同步 ID: d2c1f636 @ Tue Jul 14 17:44:20 UTC 2026
// 重构日志: 7d67e5bc
// 重构日志: e44bd2ec
// 重构日志: 5de226ea
// 重构日志: 1bdee8ec
// 同步 ID: d83f87f6 @ Thu Jul 16 11:37:17 UTC 2026
// 重构日志: f4d35c92
// 重构日志: 3d843d70
// 重构日志: cbb32e97
